2025-02-25 13:50:49,015:WARNING:
'cuml' is a soft dependency and not included in the pycaret installation. Please run: `pip install cuml` to install.
2025-02-25 13:50:49,015:WARNING:
'cuml' is a soft dependency and not included in the pycaret installation. Please run: `pip install cuml` to install.
2025-02-25 13:50:49,015:WARNING:
'cuml' is a soft dependency and not included in the pycaret installation. Please run: `pip install cuml` to install.
2025-02-25 13:50:49,015:WARNING:
'cuml' is a soft dependency and not included in the pycaret installation. Please run: `pip install cuml` to install.
2025-02-25 13:51:38,532:WARNING:
'cuml' is a soft dependency and not included in the pycaret installation. Please run: `pip install cuml` to install.
2025-02-25 13:51:38,532:WARNING:
'cuml' is a soft dependency and not included in the pycaret installation. Please run: `pip install cuml` to install.
2025-02-25 13:51:38,532:WARNING:
'cuml' is a soft dependency and not included in the pycaret installation. Please run: `pip install cuml` to install.
2025-02-25 13:51:38,532:WARNING:
'cuml' is a soft dependency and not included in the pycaret installation. Please run: `pip install cuml` to install.
2025-02-25 14:44:48,871:WARNING:
'cuml' is a soft dependency and not included in the pycaret installation. Please run: `pip install cuml` to install.
2025-02-25 14:44:48,871:WARNING:
'cuml' is a soft dependency and not included in the pycaret installation. Please run: `pip install cuml` to install.
2025-02-25 14:44:48,871:WARNING:
'cuml' is a soft dependency and not included in the pycaret installation. Please run: `pip install cuml` to install.
2025-02-25 14:44:48,871:WARNING:
'cuml' is a soft dependency and not included in the pycaret installation. Please run: `pip install cuml` to install.
2025-02-25 19:58:01,308:WARNING:
'cuml' is a soft dependency and not included in the pycaret installation. Please run: `pip install cuml` to install.
2025-02-25 19:58:01,308:WARNING:
'cuml' is a soft dependency and not included in the pycaret installation. Please run: `pip install cuml` to install.
2025-02-25 19:58:01,309:WARNING:
'cuml' is a soft dependency and not included in the pycaret installation. Please run: `pip install cuml` to install.
2025-02-25 19:58:01,309:WARNING:
'cuml' is a soft dependency and not included in the pycaret installation. Please run: `pip install cuml` to install.
2025-02-25 20:13:42,206:WARNING:
'cuml' is a soft dependency and not included in the pycaret installation. Please run: `pip install cuml` to install.
2025-02-25 20:13:42,206:WARNING:
'cuml' is a soft dependency and not included in the pycaret installation. Please run: `pip install cuml` to install.
2025-02-25 20:13:42,206:WARNING:
'cuml' is a soft dependency and not included in the pycaret installation. Please run: `pip install cuml` to install.
2025-02-25 20:13:42,206:WARNING:
'cuml' is a soft dependency and not included in the pycaret installation. Please run: `pip install cuml` to install.
2025-02-25 20:24:38,482:INFO:PyCaret ClassificationExperiment
2025-02-25 20:24:38,482:INFO:Logging name: Lead_scoring_model_experimentation
2025-02-25 20:24:38,482:INFO:ML Usecase: MLUsecase.CLASSIFICATION
2025-02-25 20:24:38,482:INFO:version 3.3.2
2025-02-25 20:24:38,482:INFO:Initializing setup()
2025-02-25 20:24:38,482:INFO:self.USI: e093
2025-02-25 20:24:38,482:INFO:self._variable_keys: {'USI', 'seed', 'exp_name_log', 'y', 'is_multiclass', 'log_plots_param', 'gpu_n_jobs_param', '_available_plots', 'exp_id', 'fold_shuffle_param', 'fix_imbalance', 'data', 'idx', 'n_jobs_param', 'html_param', 'y_test', 'X_test', 'gpu_param', 'logging_param', 'X', 'X_train', 'memory', 'fold_generator', 'fold_groups_param', '_ml_usecase', 'pipeline', 'target_param', 'y_train'}
2025-02-25 20:24:38,482:INFO:Checking environment
2025-02-25 20:24:38,482:INFO:python_version: 3.11.5
2025-02-25 20:24:38,482:INFO:python_build: ('main', 'Sep 11 2023 13:26:23')
2025-02-25 20:24:38,482:INFO:machine: AMD64
2025-02-25 20:24:38,482:INFO:platform: Windows-10-10.0.19045-SP0
2025-02-25 20:24:38,482:INFO:Memory: svmem(total=68374552576, available=38629376000, percent=43.5, used=29745176576, free=38629376000)
2025-02-25 20:24:38,482:INFO:Physical Core: 14
2025-02-25 20:24:38,482:INFO:Logical Core: 20
2025-02-25 20:24:38,482:INFO:Checking libraries
2025-02-25 20:24:38,482:INFO:System:
2025-02-25 20:24:38,482:INFO:    python: 3.11.5 | packaged by Anaconda, Inc. | (main, Sep 11 2023, 13:26:23) [MSC v.1916 64 bit (AMD64)]
2025-02-25 20:24:38,482:INFO:executable: C:\Users\rarepall\AppData\Local\anaconda3\python.exe
2025-02-25 20:24:38,482:INFO:   machine: Windows-10-10.0.19045-SP0
2025-02-25 20:24:38,482:INFO:PyCaret required dependencies:
2025-02-25 20:24:39,233:INFO:                 pip: 25.0.1
2025-02-25 20:24:39,233:INFO:          setuptools: 68.0.0
2025-02-25 20:24:39,233:INFO:             pycaret: 3.3.2
2025-02-25 20:24:39,233:INFO:             IPython: 8.15.0
2025-02-25 20:24:39,233:INFO:          ipywidgets: 8.0.4
2025-02-25 20:24:39,233:INFO:                tqdm: 4.67.1
2025-02-25 20:24:39,233:INFO:               numpy: 1.24.3
2025-02-25 20:24:39,233:INFO:              pandas: 2.0.3
2025-02-25 20:24:39,233:INFO:              jinja2: 3.1.2
2025-02-25 20:24:39,233:INFO:               scipy: 1.11.1
2025-02-25 20:24:39,233:INFO:              joblib: 1.2.0
2025-02-25 20:24:39,233:INFO:             sklearn: 1.4.2
2025-02-25 20:24:39,233:INFO:                pyod: 2.0.3
2025-02-25 20:24:39,233:INFO:            imblearn: 0.13.0
2025-02-25 20:24:39,233:INFO:   category_encoders: 2.7.0
2025-02-25 20:24:39,233:INFO:            lightgbm: 4.6.0
2025-02-25 20:24:39,233:INFO:               numba: 0.57.1
2025-02-25 20:24:39,233:INFO:            requests: 2.31.0
2025-02-25 20:24:39,233:INFO:          matplotlib: 3.7.2
2025-02-25 20:24:39,233:INFO:          scikitplot: 0.3.7
2025-02-25 20:24:39,233:INFO:         yellowbrick: 1.5
2025-02-25 20:24:39,233:INFO:              plotly: 5.24.1
2025-02-25 20:24:39,234:INFO:    plotly-resampler: Not installed
2025-02-25 20:24:39,234:INFO:             kaleido: 0.2.1
2025-02-25 20:24:39,234:INFO:           schemdraw: 0.15
2025-02-25 20:24:39,234:INFO:         statsmodels: 0.14.0
2025-02-25 20:24:39,234:INFO:              sktime: 0.26.0
2025-02-25 20:24:39,234:INFO:               tbats: 1.1.3
2025-02-25 20:24:39,234:INFO:            pmdarima: 2.0.4
2025-02-25 20:24:39,234:INFO:              psutil: 5.9.0
2025-02-25 20:24:39,234:INFO:          markupsafe: 2.1.1
2025-02-25 20:24:39,234:INFO:             pickle5: Not installed
2025-02-25 20:24:39,234:INFO:         cloudpickle: 2.2.1
2025-02-25 20:24:39,234:INFO:         deprecation: 2.1.0
2025-02-25 20:24:39,234:INFO:              xxhash: 2.0.2
2025-02-25 20:24:39,234:INFO:           wurlitzer: Not installed
2025-02-25 20:24:39,234:INFO:PyCaret optional dependencies:
2025-02-25 20:24:39,312:INFO:                shap: Not installed
2025-02-25 20:24:39,312:INFO:           interpret: Not installed
2025-02-25 20:24:39,312:INFO:                umap: Not installed
2025-02-25 20:24:39,312:INFO:     ydata_profiling: Not installed
2025-02-25 20:24:39,312:INFO:  explainerdashboard: Not installed
2025-02-25 20:24:39,312:INFO:             autoviz: Not installed
2025-02-25 20:24:39,312:INFO:           fairlearn: Not installed
2025-02-25 20:24:39,312:INFO:          deepchecks: Not installed
2025-02-25 20:24:39,312:INFO:             xgboost: 2.1.4
2025-02-25 20:24:39,312:INFO:            catboost: Not installed
2025-02-25 20:24:39,312:INFO:              kmodes: Not installed
2025-02-25 20:24:39,312:INFO:             mlxtend: Not installed
2025-02-25 20:24:39,312:INFO:       statsforecast: Not installed
2025-02-25 20:24:39,312:INFO:        tune_sklearn: Not installed
2025-02-25 20:24:39,312:INFO:                 ray: Not installed
2025-02-25 20:24:39,312:INFO:            hyperopt: Not installed
2025-02-25 20:24:39,312:INFO:              optuna: Not installed
2025-02-25 20:24:39,312:INFO:               skopt: Not installed
2025-02-25 20:24:39,312:INFO:              mlflow: 2.20.2
2025-02-25 20:24:39,312:INFO:              gradio: Not installed
2025-02-25 20:24:39,312:INFO:             fastapi: Not installed
2025-02-25 20:24:39,312:INFO:             uvicorn: Not installed
2025-02-25 20:24:39,312:INFO:              m2cgen: Not installed
2025-02-25 20:24:39,312:INFO:           evidently: Not installed
2025-02-25 20:24:39,312:INFO:               fugue: Not installed
2025-02-25 20:24:39,312:INFO:           streamlit: Not installed
2025-02-25 20:24:39,312:INFO:             prophet: Not installed
2025-02-25 20:24:39,312:INFO:None
2025-02-25 20:24:39,312:INFO:Set up GPU usage.
2025-02-25 20:24:39,312:WARNING:
'cuml' is a soft dependency and not included in the pycaret installation. Please run: `pip install cuml` to install.
2025-02-25 20:24:39,312:WARNING:cuML is outdated or not found. Required version is >=23.08.
                Please visit https://rapids.ai/install for installation instructions.
2025-02-25 20:24:39,312:INFO:Set up data.
2025-02-25 20:24:39,325:INFO:Set up folding strategy.
2025-02-25 20:24:39,326:INFO:Set up train/test split.
2025-02-25 20:24:39,335:INFO:Set up index.
2025-02-25 20:24:39,336:INFO:Assigning column types.
2025-02-25 20:24:39,340:INFO:Engine successfully changes for model 'lr' to 'sklearn'.
2025-02-25 20:24:39,341:WARNING:
'cuml' is a soft dependency and not included in the pycaret installation. Please run: `pip install cuml` to install.
2025-02-25 20:24:39,368:INFO:Engine for model 'knn' has not been set explicitly, hence returning None.
2025-02-25 20:24:39,368:WARNING:
'cuml' is a soft dependency and not included in the pycaret installation. Please run: `pip install cuml` to install.
2025-02-25 20:24:39,371:WARNING:
'cuml' is a soft dependency and not included in the pycaret installation. Please run: `pip install cuml` to install.
2025-02-25 20:24:39,371:INFO:Engine for model 'rbfsvm' has not been set explicitly, hence returning None.
2025-02-25 20:24:39,371:WARNING:
'cuml' is a soft dependency and not included in the pycaret installation. Please run: `pip install cuml` to install.
2025-02-25 20:24:39,390:WARNING:
'cuml' is a soft dependency and not included in the pycaret installation. Please run: `pip install cuml` to install.
2025-02-25 20:24:39,393:WARNING:
'cuml' is a soft dependency and not included in the pycaret installation. Please run: `pip install cuml` to install.
2025-02-25 20:24:39,396:INFO:Soft dependency imported: xgboost: 2.1.4
2025-02-25 20:24:48,121:WARNING:
'catboost' is a soft dependency and not included in the pycaret installation. Please run: `pip install catboost` to install.
Alternately, you can install this by running `pip install pycaret[models]`
2025-02-25 20:24:48,121:WARNING:
'cuml' is a soft dependency and not included in the pycaret installation. Please run: `pip install cuml` to install.
2025-02-25 20:24:48,162:INFO:Engine for model 'knn' has not been set explicitly, hence returning None.
2025-02-25 20:24:48,162:WARNING:
'cuml' is a soft dependency and not included in the pycaret installation. Please run: `pip install cuml` to install.
2025-02-25 20:24:48,163:WARNING:
'cuml' is a soft dependency and not included in the pycaret installation. Please run: `pip install cuml` to install.
2025-02-25 20:24:48,163:INFO:Engine for model 'rbfsvm' has not been set explicitly, hence returning None.
2025-02-25 20:24:48,163:WARNING:
'cuml' is a soft dependency and not included in the pycaret installation. Please run: `pip install cuml` to install.
2025-02-25 20:24:48,178:WARNING:
'cuml' is a soft dependency and not included in the pycaret installation. Please run: `pip install cuml` to install.
2025-02-25 20:24:48,182:WARNING:
'cuml' is a soft dependency and not included in the pycaret installation. Please run: `pip install cuml` to install.
2025-02-25 20:24:48,182:INFO:Soft dependency imported: xgboost: 2.1.4
2025-02-25 20:24:48,229:WARNING:
'catboost' is a soft dependency and not included in the pycaret installation. Please run: `pip install catboost` to install.
Alternately, you can install this by running `pip install pycaret[models]`
2025-02-25 20:24:48,229:INFO:Engine successfully changes for model 'knn' to 'sklearn'.
2025-02-25 20:24:48,229:WARNING:
'cuml' is a soft dependency and not included in the pycaret installation. Please run: `pip install cuml` to install.
2025-02-25 20:24:48,308:WARNING:
'cuml' is a soft dependency and not included in the pycaret installation. Please run: `pip install cuml` to install.
2025-02-25 20:24:48,308:WARNING:
'cuml' is a soft dependency and not included in the pycaret installation. Please run: `pip install cuml` to install.
2025-02-25 20:24:48,309:INFO:Engine for model 'rbfsvm' has not been set explicitly, hence returning None.
2025-02-25 20:24:48,309:WARNING:
'cuml' is a soft dependency and not included in the pycaret installation. Please run: `pip install cuml` to install.
2025-02-25 20:24:48,336:WARNING:
'cuml' is a soft dependency and not included in the pycaret installation. Please run: `pip install cuml` to install.
2025-02-25 20:24:48,339:WARNING:
'cuml' is a soft dependency and not included in the pycaret installation. Please run: `pip install cuml` to install.
2025-02-25 20:24:48,339:INFO:Soft dependency imported: xgboost: 2.1.4
2025-02-25 20:24:48,351:WARNING:
'catboost' is a soft dependency and not included in the pycaret installation. Please run: `pip install catboost` to install.
Alternately, you can install this by running `pip install pycaret[models]`
2025-02-25 20:24:48,352:WARNING:
'cuml' is a soft dependency and not included in the pycaret installation. Please run: `pip install cuml` to install.
2025-02-25 20:24:48,432:WARNING:
'cuml' is a soft dependency and not included in the pycaret installation. Please run: `pip install cuml` to install.
2025-02-25 20:24:48,432:WARNING:
'cuml' is a soft dependency and not included in the pycaret installation. Please run: `pip install cuml` to install.
2025-02-25 20:24:48,433:INFO:Engine for model 'rbfsvm' has not been set explicitly, hence returning None.
2025-02-25 20:24:48,434:WARNING:
'cuml' is a soft dependency and not included in the pycaret installation. Please run: `pip install cuml` to install.
2025-02-25 20:24:48,458:WARNING:
'cuml' is a soft dependency and not included in the pycaret installation. Please run: `pip install cuml` to install.
2025-02-25 20:24:48,461:WARNING:
'cuml' is a soft dependency and not included in the pycaret installation. Please run: `pip install cuml` to install.
2025-02-25 20:24:48,461:INFO:Soft dependency imported: xgboost: 2.1.4
2025-02-25 20:24:48,472:WARNING:
'catboost' is a soft dependency and not included in the pycaret installation. Please run: `pip install catboost` to install.
Alternately, you can install this by running `pip install pycaret[models]`
2025-02-25 20:24:48,472:INFO:Engine successfully changes for model 'rbfsvm' to 'sklearn'.
2025-02-25 20:24:48,472:WARNING:
'cuml' is a soft dependency and not included in the pycaret installation. Please run: `pip install cuml` to install.
2025-02-25 20:24:48,544:WARNING:
'cuml' is a soft dependency and not included in the pycaret installation. Please run: `pip install cuml` to install.
2025-02-25 20:24:48,544:WARNING:
'cuml' is a soft dependency and not included in the pycaret installation. Please run: `pip install cuml` to install.
2025-02-25 20:24:48,545:WARNING:
'cuml' is a soft dependency and not included in the pycaret installation. Please run: `pip install cuml` to install.
2025-02-25 20:24:48,579:WARNING:
'cuml' is a soft dependency and not included in the pycaret installation. Please run: `pip install cuml` to install.
2025-02-25 20:24:48,582:WARNING:
'cuml' is a soft dependency and not included in the pycaret installation. Please run: `pip install cuml` to install.
2025-02-25 20:24:48,582:INFO:Soft dependency imported: xgboost: 2.1.4
2025-02-25 20:24:48,592:WARNING:
'catboost' is a soft dependency and not included in the pycaret installation. Please run: `pip install catboost` to install.
Alternately, you can install this by running `pip install pycaret[models]`
2025-02-25 20:24:48,592:WARNING:
'cuml' is a soft dependency and not included in the pycaret installation. Please run: `pip install cuml` to install.
2025-02-25 20:24:48,626:WARNING:
'cuml' is a soft dependency and not included in the pycaret installation. Please run: `pip install cuml` to install.
2025-02-25 20:24:48,626:WARNING:
'cuml' is a soft dependency and not included in the pycaret installation. Please run: `pip install cuml` to install.
2025-02-25 20:24:48,626:WARNING:
'cuml' is a soft dependency and not included in the pycaret installation. Please run: `pip install cuml` to install.
2025-02-25 20:24:48,641:WARNING:
'cuml' is a soft dependency and not included in the pycaret installation. Please run: `pip install cuml` to install.
2025-02-25 20:24:48,644:WARNING:
'cuml' is a soft dependency and not included in the pycaret installation. Please run: `pip install cuml` to install.
2025-02-25 20:24:48,645:INFO:Soft dependency imported: xgboost: 2.1.4
2025-02-25 20:24:48,654:WARNING:
'catboost' is a soft dependency and not included in the pycaret installation. Please run: `pip install catboost` to install.
Alternately, you can install this by running `pip install pycaret[models]`
2025-02-25 20:24:48,671:INFO:Preparing preprocessing pipeline...
2025-02-25 20:24:48,684:INFO:Set up simple imputation.
2025-02-25 20:24:48,689:INFO:Set up encoding of categorical features.
2025-02-25 20:24:48,689:INFO:Set up removing multicollinearity.
2025-02-25 20:24:48,689:INFO:Set up column transformation.
2025-02-25 20:24:48,689:INFO:Set up feature normalization.
2025-02-25 20:24:49,271:INFO:Finished creating preprocessing pipeline.
2025-02-25 20:24:49,277:INFO:Pipeline: Pipeline(memory=FastMemory(location=C:\Users\rarepall\AppData\Local\Temp\joblib),
         steps=[('numerical_imputer',
                 TransformerWrapper(exclude=None,
                                    include=['total_leads_droppped',
                                             'referred_lead',
                                             'assistance_interaction',
                                             'career_interaction',
                                             'payment_interaction',
                                             'social_interaction',
                                             'syllabus_interaction'],
                                    transformer=SimpleImputer(add_indicator=False,
                                                              co...
                 TransformerWrapper(exclude=[], include=None,
                                    transformer=RemoveMulticollinearity(threshold=0.95))),
                ('transformation',
                 TransformerWrapper(exclude=None, include=None,
                                    transformer=PowerTransformer(copy=True,
                                                                 method='yeo-johnson',
                                                                 standardize=False))),
                ('normalize',
                 TransformerWrapper(exclude=None, include=None,
                                    transformer=StandardScaler(copy=True,
                                                               with_mean=True,
                                                               with_std=True)))],
         verbose=False)
2025-02-25 20:24:49,277:INFO:Creating final display dataframe.
2025-02-25 20:24:49,650:INFO:Setup _display_container:                     Description                               Value
0                    Session id                                  42
1                        Target                   app_complete_flag
2                   Target type                              Binary
3           Original data shape                         (24977, 12)
4        Transformed data shape                         (24977, 44)
5   Transformed train set shape                         (17483, 44)
6    Transformed test set shape                          (7494, 44)
7              Numeric features                                   7
8          Categorical features                                   4
9                    Preprocess                                True
10              Imputation type                              simple
11           Numeric imputation                                mean
12       Categorical imputation                                mode
13     Maximum one-hot encoding                                  25
14              Encoding method                                None
15     Remove multicollinearity                                True
16  Multicollinearity threshold                                0.95
17               Transformation                                True
18        Transformation method                         yeo-johnson
19                    Normalize                                True
20             Normalize method                              zscore
21               Fold Generator                     StratifiedKFold
22                  Fold Number                                  10
23                     CPU Jobs                                  -1
24                      Use GPU                                True
25               Log Experiment                        MlflowLogger
26              Experiment Name  Lead_scoring_model_experimentation
27                          USI                                e093
2025-02-25 20:24:49,657:WARNING:
'cuml' is a soft dependency and not included in the pycaret installation. Please run: `pip install cuml` to install.
2025-02-25 20:24:49,687:WARNING:
'cuml' is a soft dependency and not included in the pycaret installation. Please run: `pip install cuml` to install.
2025-02-25 20:24:49,687:WARNING:
'cuml' is a soft dependency and not included in the pycaret installation. Please run: `pip install cuml` to install.
2025-02-25 20:24:49,687:WARNING:
'cuml' is a soft dependency and not included in the pycaret installation. Please run: `pip install cuml` to install.
2025-02-25 20:24:49,700:WARNING:
'cuml' is a soft dependency and not included in the pycaret installation. Please run: `pip install cuml` to install.
2025-02-25 20:24:49,703:WARNING:
'cuml' is a soft dependency and not included in the pycaret installation. Please run: `pip install cuml` to install.
2025-02-25 20:24:49,704:INFO:Soft dependency imported: xgboost: 2.1.4
2025-02-25 20:24:49,714:WARNING:
'catboost' is a soft dependency and not included in the pycaret installation. Please run: `pip install catboost` to install.
Alternately, you can install this by running `pip install pycaret[models]`
2025-02-25 20:24:49,714:WARNING:
'cuml' is a soft dependency and not included in the pycaret installation. Please run: `pip install cuml` to install.
2025-02-25 20:24:49,793:WARNING:
'cuml' is a soft dependency and not included in the pycaret installation. Please run: `pip install cuml` to install.
2025-02-25 20:24:49,793:WARNING:
'cuml' is a soft dependency and not included in the pycaret installation. Please run: `pip install cuml` to install.
2025-02-25 20:24:49,794:WARNING:
'cuml' is a soft dependency and not included in the pycaret installation. Please run: `pip install cuml` to install.
2025-02-25 20:24:49,820:WARNING:
'cuml' is a soft dependency and not included in the pycaret installation. Please run: `pip install cuml` to install.
2025-02-25 20:24:49,823:WARNING:
'cuml' is a soft dependency and not included in the pycaret installation. Please run: `pip install cuml` to install.
2025-02-25 20:24:49,824:INFO:Soft dependency imported: xgboost: 2.1.4
2025-02-25 20:24:49,834:WARNING:
'catboost' is a soft dependency and not included in the pycaret installation. Please run: `pip install catboost` to install.
Alternately, you can install this by running `pip install pycaret[models]`
2025-02-25 20:24:49,835:INFO:Logging experiment in loggers
2025-02-25 20:25:34,584:INFO:PyCaret ClassificationExperiment
2025-02-25 20:25:34,585:INFO:Logging name: Lead_scoring_model_experimentation
2025-02-25 20:25:34,585:INFO:ML Usecase: MLUsecase.CLASSIFICATION
2025-02-25 20:25:34,585:INFO:version 3.3.2
2025-02-25 20:25:34,585:INFO:Initializing setup()
2025-02-25 20:25:34,585:INFO:self.USI: 00cc
2025-02-25 20:25:34,585:INFO:self._variable_keys: {'USI', 'seed', 'exp_name_log', 'y', 'is_multiclass', 'log_plots_param', 'gpu_n_jobs_param', '_available_plots', 'exp_id', 'fold_shuffle_param', 'fix_imbalance', 'data', 'idx', 'n_jobs_param', 'html_param', 'y_test', 'X_test', 'gpu_param', 'logging_param', 'X', 'X_train', 'memory', 'fold_generator', 'fold_groups_param', '_ml_usecase', 'pipeline', 'target_param', 'y_train'}
2025-02-25 20:25:34,585:INFO:Checking environment
2025-02-25 20:25:34,585:INFO:python_version: 3.11.5
2025-02-25 20:25:34,585:INFO:python_build: ('main', 'Sep 11 2023 13:26:23')
2025-02-25 20:25:34,585:INFO:machine: AMD64
2025-02-25 20:25:34,585:INFO:platform: Windows-10-10.0.19045-SP0
2025-02-25 20:25:34,586:INFO:Memory: svmem(total=68374552576, available=38540877824, percent=43.6, used=29833674752, free=38540877824)
2025-02-25 20:25:34,586:INFO:Physical Core: 14
2025-02-25 20:25:34,586:INFO:Logical Core: 20
2025-02-25 20:25:34,586:INFO:Checking libraries
2025-02-25 20:25:34,586:INFO:System:
2025-02-25 20:25:34,586:INFO:    python: 3.11.5 | packaged by Anaconda, Inc. | (main, Sep 11 2023, 13:26:23) [MSC v.1916 64 bit (AMD64)]
2025-02-25 20:25:34,586:INFO:executable: C:\Users\rarepall\AppData\Local\anaconda3\python.exe
2025-02-25 20:25:34,586:INFO:   machine: Windows-10-10.0.19045-SP0
2025-02-25 20:25:34,586:INFO:PyCaret required dependencies:
2025-02-25 20:25:34,586:INFO:                 pip: 25.0.1
2025-02-25 20:25:34,586:INFO:          setuptools: 68.0.0
2025-02-25 20:25:34,586:INFO:             pycaret: 3.3.2
2025-02-25 20:25:34,587:INFO:             IPython: 8.15.0
2025-02-25 20:25:34,587:INFO:          ipywidgets: 8.0.4
2025-02-25 20:25:34,587:INFO:                tqdm: 4.67.1
2025-02-25 20:25:34,587:INFO:               numpy: 1.24.3
2025-02-25 20:25:34,587:INFO:              pandas: 2.0.3
2025-02-25 20:25:34,587:INFO:              jinja2: 3.1.2
2025-02-25 20:25:34,587:INFO:               scipy: 1.11.1
2025-02-25 20:25:34,587:INFO:              joblib: 1.2.0
2025-02-25 20:25:34,587:INFO:             sklearn: 1.4.2
2025-02-25 20:25:34,587:INFO:                pyod: 2.0.3
2025-02-25 20:25:34,587:INFO:            imblearn: 0.13.0
2025-02-25 20:25:34,587:INFO:   category_encoders: 2.7.0
2025-02-25 20:25:34,587:INFO:            lightgbm: 4.6.0
2025-02-25 20:25:34,587:INFO:               numba: 0.57.1
2025-02-25 20:25:34,588:INFO:            requests: 2.31.0
2025-02-25 20:25:34,588:INFO:          matplotlib: 3.7.2
2025-02-25 20:25:34,588:INFO:          scikitplot: 0.3.7
2025-02-25 20:25:34,588:INFO:         yellowbrick: 1.5
2025-02-25 20:25:34,588:INFO:              plotly: 5.24.1
2025-02-25 20:25:34,588:INFO:    plotly-resampler: Not installed
2025-02-25 20:25:34,588:INFO:             kaleido: 0.2.1
2025-02-25 20:25:34,588:INFO:           schemdraw: 0.15
2025-02-25 20:25:34,588:INFO:         statsmodels: 0.14.0
2025-02-25 20:25:34,588:INFO:              sktime: 0.26.0
2025-02-25 20:25:34,588:INFO:               tbats: 1.1.3
2025-02-25 20:25:34,588:INFO:            pmdarima: 2.0.4
2025-02-25 20:25:34,588:INFO:              psutil: 5.9.0
2025-02-25 20:25:34,588:INFO:          markupsafe: 2.1.1
2025-02-25 20:25:34,588:INFO:             pickle5: Not installed
2025-02-25 20:25:34,588:INFO:         cloudpickle: 2.2.1
2025-02-25 20:25:34,588:INFO:         deprecation: 2.1.0
2025-02-25 20:25:34,588:INFO:              xxhash: 2.0.2
2025-02-25 20:25:34,589:INFO:           wurlitzer: Not installed
2025-02-25 20:25:34,589:INFO:PyCaret optional dependencies:
2025-02-25 20:25:34,589:INFO:                shap: Not installed
2025-02-25 20:25:34,589:INFO:           interpret: Not installed
2025-02-25 20:25:34,589:INFO:                umap: Not installed
2025-02-25 20:25:34,589:INFO:     ydata_profiling: Not installed
2025-02-25 20:25:34,589:INFO:  explainerdashboard: Not installed
2025-02-25 20:25:34,589:INFO:             autoviz: Not installed
2025-02-25 20:25:34,589:INFO:           fairlearn: Not installed
2025-02-25 20:25:34,589:INFO:          deepchecks: Not installed
2025-02-25 20:25:34,589:INFO:             xgboost: 2.1.4
2025-02-25 20:25:34,589:INFO:            catboost: Not installed
2025-02-25 20:25:34,589:INFO:              kmodes: Not installed
2025-02-25 20:25:34,589:INFO:             mlxtend: Not installed
2025-02-25 20:25:34,589:INFO:       statsforecast: Not installed
2025-02-25 20:25:34,589:INFO:        tune_sklearn: Not installed
2025-02-25 20:25:34,589:INFO:                 ray: Not installed
2025-02-25 20:25:34,590:INFO:            hyperopt: Not installed
2025-02-25 20:25:34,590:INFO:              optuna: Not installed
2025-02-25 20:25:34,590:INFO:               skopt: Not installed
2025-02-25 20:25:34,590:INFO:              mlflow: 2.20.2
2025-02-25 20:25:34,590:INFO:              gradio: Not installed
2025-02-25 20:25:34,590:INFO:             fastapi: Not installed
2025-02-25 20:25:34,590:INFO:             uvicorn: Not installed
2025-02-25 20:25:34,590:INFO:              m2cgen: Not installed
2025-02-25 20:25:34,590:INFO:           evidently: Not installed
2025-02-25 20:25:34,590:INFO:               fugue: Not installed
2025-02-25 20:25:34,590:INFO:           streamlit: Not installed
2025-02-25 20:25:34,590:INFO:             prophet: Not installed
2025-02-25 20:25:34,590:INFO:None
2025-02-25 20:25:34,590:INFO:Set up GPU usage.
2025-02-25 20:25:34,590:WARNING:
'cuml' is a soft dependency and not included in the pycaret installation. Please run: `pip install cuml` to install.
2025-02-25 20:25:34,590:WARNING:cuML is outdated or not found. Required version is >=23.08.
                Please visit https://rapids.ai/install for installation instructions.
2025-02-25 20:25:34,590:INFO:Set up data.
2025-02-25 20:25:34,605:INFO:Set up folding strategy.
2025-02-25 20:25:34,605:INFO:Set up train/test split.
2025-02-25 20:25:34,614:INFO:Set up index.
2025-02-25 20:25:34,614:INFO:Assigning column types.
2025-02-25 20:25:34,619:INFO:Engine successfully changes for model 'lr' to 'sklearn'.
2025-02-25 20:25:34,619:WARNING:
'cuml' is a soft dependency and not included in the pycaret installation. Please run: `pip install cuml` to install.
2025-02-25 20:25:34,647:INFO:Engine for model 'knn' has not been set explicitly, hence returning None.
2025-02-25 20:25:34,647:WARNING:
'cuml' is a soft dependency and not included in the pycaret installation. Please run: `pip install cuml` to install.
2025-02-25 20:25:34,647:WARNING:
'cuml' is a soft dependency and not included in the pycaret installation. Please run: `pip install cuml` to install.
2025-02-25 20:25:34,647:INFO:Engine for model 'rbfsvm' has not been set explicitly, hence returning None.
2025-02-25 20:25:34,647:WARNING:
'cuml' is a soft dependency and not included in the pycaret installation. Please run: `pip install cuml` to install.
2025-02-25 20:25:34,661:WARNING:
'cuml' is a soft dependency and not included in the pycaret installation. Please run: `pip install cuml` to install.
2025-02-25 20:25:34,664:WARNING:
'cuml' is a soft dependency and not included in the pycaret installation. Please run: `pip install cuml` to install.
2025-02-25 20:25:34,665:INFO:Soft dependency imported: xgboost: 2.1.4
2025-02-25 20:25:34,676:WARNING:
'catboost' is a soft dependency and not included in the pycaret installation. Please run: `pip install catboost` to install.
Alternately, you can install this by running `pip install pycaret[models]`
2025-02-25 20:25:34,677:WARNING:
'cuml' is a soft dependency and not included in the pycaret installation. Please run: `pip install cuml` to install.
2025-02-25 20:25:34,729:INFO:Engine for model 'knn' has not been set explicitly, hence returning None.
2025-02-25 20:25:34,729:WARNING:
'cuml' is a soft dependency and not included in the pycaret installation. Please run: `pip install cuml` to install.
2025-02-25 20:25:34,729:WARNING:
'cuml' is a soft dependency and not included in the pycaret installation. Please run: `pip install cuml` to install.
2025-02-25 20:25:34,730:INFO:Engine for model 'rbfsvm' has not been set explicitly, hence returning None.
2025-02-25 20:25:34,730:WARNING:
'cuml' is a soft dependency and not included in the pycaret installation. Please run: `pip install cuml` to install.
2025-02-25 20:25:34,754:WARNING:
'cuml' is a soft dependency and not included in the pycaret installation. Please run: `pip install cuml` to install.
2025-02-25 20:25:34,759:WARNING:
'cuml' is a soft dependency and not included in the pycaret installation. Please run: `pip install cuml` to install.
2025-02-25 20:25:34,760:INFO:Soft dependency imported: xgboost: 2.1.4
2025-02-25 20:25:34,769:WARNING:
'catboost' is a soft dependency and not included in the pycaret installation. Please run: `pip install catboost` to install.
Alternately, you can install this by running `pip install pycaret[models]`
2025-02-25 20:25:34,770:INFO:Engine successfully changes for model 'knn' to 'sklearn'.
2025-02-25 20:25:34,770:WARNING:
'cuml' is a soft dependency and not included in the pycaret installation. Please run: `pip install cuml` to install.
2025-02-25 20:25:34,849:WARNING:
'cuml' is a soft dependency and not included in the pycaret installation. Please run: `pip install cuml` to install.
2025-02-25 20:25:34,850:WARNING:
'cuml' is a soft dependency and not included in the pycaret installation. Please run: `pip install cuml` to install.
2025-02-25 20:25:34,851:INFO:Engine for model 'rbfsvm' has not been set explicitly, hence returning None.
2025-02-25 20:25:34,851:WARNING:
'cuml' is a soft dependency and not included in the pycaret installation. Please run: `pip install cuml` to install.
2025-02-25 20:25:34,872:WARNING:
'cuml' is a soft dependency and not included in the pycaret installation. Please run: `pip install cuml` to install.
2025-02-25 20:25:34,876:WARNING:
'cuml' is a soft dependency and not included in the pycaret installation. Please run: `pip install cuml` to install.
2025-02-25 20:25:34,877:INFO:Soft dependency imported: xgboost: 2.1.4
2025-02-25 20:25:34,887:WARNING:
'catboost' is a soft dependency and not included in the pycaret installation. Please run: `pip install catboost` to install.
Alternately, you can install this by running `pip install pycaret[models]`
2025-02-25 20:25:34,887:WARNING:
'cuml' is a soft dependency and not included in the pycaret installation. Please run: `pip install cuml` to install.
2025-02-25 20:25:34,945:WARNING:
'cuml' is a soft dependency and not included in the pycaret installation. Please run: `pip install cuml` to install.
2025-02-25 20:25:34,945:WARNING:
'cuml' is a soft dependency and not included in the pycaret installation. Please run: `pip install cuml` to install.
2025-02-25 20:25:34,946:INFO:Engine for model 'rbfsvm' has not been set explicitly, hence returning None.
2025-02-25 20:25:34,946:WARNING:
'cuml' is a soft dependency and not included in the pycaret installation. Please run: `pip install cuml` to install.
2025-02-25 20:25:34,984:WARNING:
'cuml' is a soft dependency and not included in the pycaret installation. Please run: `pip install cuml` to install.
2025-02-25 20:25:34,987:WARNING:
'cuml' is a soft dependency and not included in the pycaret installation. Please run: `pip install cuml` to install.
2025-02-25 20:25:34,988:INFO:Soft dependency imported: xgboost: 2.1.4
2025-02-25 20:25:34,997:WARNING:
'catboost' is a soft dependency and not included in the pycaret installation. Please run: `pip install catboost` to install.
Alternately, you can install this by running `pip install pycaret[models]`
2025-02-25 20:25:34,998:INFO:Engine successfully changes for model 'rbfsvm' to 'sklearn'.
2025-02-25 20:25:34,998:WARNING:
'cuml' is a soft dependency and not included in the pycaret installation. Please run: `pip install cuml` to install.
2025-02-25 20:25:35,048:WARNING:
'cuml' is a soft dependency and not included in the pycaret installation. Please run: `pip install cuml` to install.
2025-02-25 20:25:35,048:WARNING:
'cuml' is a soft dependency and not included in the pycaret installation. Please run: `pip install cuml` to install.
2025-02-25 20:25:35,049:WARNING:
'cuml' is a soft dependency and not included in the pycaret installation. Please run: `pip install cuml` to install.
2025-02-25 20:25:35,070:WARNING:
'cuml' is a soft dependency and not included in the pycaret installation. Please run: `pip install cuml` to install.
2025-02-25 20:25:35,073:WARNING:
'cuml' is a soft dependency and not included in the pycaret installation. Please run: `pip install cuml` to install.
2025-02-25 20:25:35,074:INFO:Soft dependency imported: xgboost: 2.1.4
2025-02-25 20:25:35,085:WARNING:
'catboost' is a soft dependency and not included in the pycaret installation. Please run: `pip install catboost` to install.
Alternately, you can install this by running `pip install pycaret[models]`
2025-02-25 20:25:35,086:WARNING:
'cuml' is a soft dependency and not included in the pycaret installation. Please run: `pip install cuml` to install.
2025-02-25 20:25:35,138:WARNING:
'cuml' is a soft dependency and not included in the pycaret installation. Please run: `pip install cuml` to install.
2025-02-25 20:25:35,138:WARNING:
'cuml' is a soft dependency and not included in the pycaret installation. Please run: `pip install cuml` to install.
2025-02-25 20:25:35,139:WARNING:
'cuml' is a soft dependency and not included in the pycaret installation. Please run: `pip install cuml` to install.
2025-02-25 20:25:35,171:WARNING:
'cuml' is a soft dependency and not included in the pycaret installation. Please run: `pip install cuml` to install.
2025-02-25 20:25:35,179:WARNING:
'cuml' is a soft dependency and not included in the pycaret installation. Please run: `pip install cuml` to install.
2025-02-25 20:25:35,180:INFO:Soft dependency imported: xgboost: 2.1.4
2025-02-25 20:25:35,194:WARNING:
'catboost' is a soft dependency and not included in the pycaret installation. Please run: `pip install catboost` to install.
Alternately, you can install this by running `pip install pycaret[models]`
2025-02-25 20:25:35,196:INFO:Preparing preprocessing pipeline...
2025-02-25 20:25:35,198:INFO:Set up simple imputation.
2025-02-25 20:25:35,203:INFO:Set up encoding of categorical features.
2025-02-25 20:25:35,204:INFO:Set up removing multicollinearity.
2025-02-25 20:25:35,204:INFO:Set up column transformation.
2025-02-25 20:25:35,204:INFO:Set up feature normalization.
2025-02-25 20:25:35,466:INFO:Finished creating preprocessing pipeline.
2025-02-25 20:25:35,472:INFO:Pipeline: Pipeline(memory=FastMemory(location=C:\Users\rarepall\AppData\Local\Temp\joblib),
         steps=[('numerical_imputer',
                 TransformerWrapper(exclude=None,
                                    include=['total_leads_droppped',
                                             'referred_lead',
                                             'assistance_interaction',
                                             'career_interaction',
                                             'payment_interaction',
                                             'social_interaction',
                                             'syllabus_interaction'],
                                    transformer=SimpleImputer(add_indicator=False,
                                                              co...
                 TransformerWrapper(exclude=[], include=None,
                                    transformer=RemoveMulticollinearity(threshold=0.95))),
                ('transformation',
                 TransformerWrapper(exclude=None, include=None,
                                    transformer=PowerTransformer(copy=True,
                                                                 method='yeo-johnson',
                                                                 standardize=False))),
                ('normalize',
                 TransformerWrapper(exclude=None, include=None,
                                    transformer=StandardScaler(copy=True,
                                                               with_mean=True,
                                                               with_std=True)))],
         verbose=False)
2025-02-25 20:25:35,472:INFO:Creating final display dataframe.
2025-02-25 20:25:35,895:INFO:Setup _display_container:                     Description                               Value
0                    Session id                                  42
1                        Target                   app_complete_flag
2                   Target type                              Binary
3           Original data shape                         (24977, 12)
4        Transformed data shape                         (24977, 44)
5   Transformed train set shape                         (17483, 44)
6    Transformed test set shape                          (7494, 44)
7              Numeric features                                   7
8          Categorical features                                   4
9                    Preprocess                                True
10              Imputation type                              simple
11           Numeric imputation                                mean
12       Categorical imputation                                mode
13     Maximum one-hot encoding                                  25
14              Encoding method                                None
15     Remove multicollinearity                                True
16  Multicollinearity threshold                                0.95
17               Transformation                                True
18        Transformation method                         yeo-johnson
19                    Normalize                                True
20             Normalize method                              zscore
21               Fold Generator                     StratifiedKFold
22                  Fold Number                                  10
23                     CPU Jobs                                  -1
24                      Use GPU                                True
25               Log Experiment                        MlflowLogger
26              Experiment Name  Lead_scoring_model_experimentation
27                          USI                                00cc
2025-02-25 20:25:35,901:WARNING:
'cuml' is a soft dependency and not included in the pycaret installation. Please run: `pip install cuml` to install.
2025-02-25 20:25:35,929:WARNING:
'cuml' is a soft dependency and not included in the pycaret installation. Please run: `pip install cuml` to install.
2025-02-25 20:25:35,929:WARNING:
'cuml' is a soft dependency and not included in the pycaret installation. Please run: `pip install cuml` to install.
2025-02-25 20:25:35,930:WARNING:
'cuml' is a soft dependency and not included in the pycaret installation. Please run: `pip install cuml` to install.
2025-02-25 20:25:35,944:WARNING:
'cuml' is a soft dependency and not included in the pycaret installation. Please run: `pip install cuml` to install.
2025-02-25 20:25:35,947:WARNING:
'cuml' is a soft dependency and not included in the pycaret installation. Please run: `pip install cuml` to install.
2025-02-25 20:25:35,947:INFO:Soft dependency imported: xgboost: 2.1.4
2025-02-25 20:25:35,957:WARNING:
'catboost' is a soft dependency and not included in the pycaret installation. Please run: `pip install catboost` to install.
Alternately, you can install this by running `pip install pycaret[models]`
2025-02-25 20:25:35,957:WARNING:
'cuml' is a soft dependency and not included in the pycaret installation. Please run: `pip install cuml` to install.
2025-02-25 20:25:36,013:WARNING:
'cuml' is a soft dependency and not included in the pycaret installation. Please run: `pip install cuml` to install.
2025-02-25 20:25:36,013:WARNING:
'cuml' is a soft dependency and not included in the pycaret installation. Please run: `pip install cuml` to install.
2025-02-25 20:25:36,014:WARNING:
'cuml' is a soft dependency and not included in the pycaret installation. Please run: `pip install cuml` to install.
2025-02-25 20:25:36,035:WARNING:
'cuml' is a soft dependency and not included in the pycaret installation. Please run: `pip install cuml` to install.
2025-02-25 20:25:36,039:WARNING:
'cuml' is a soft dependency and not included in the pycaret installation. Please run: `pip install cuml` to install.
2025-02-25 20:25:36,042:INFO:Soft dependency imported: xgboost: 2.1.4
2025-02-25 20:25:36,054:WARNING:
'catboost' is a soft dependency and not included in the pycaret installation. Please run: `pip install catboost` to install.
Alternately, you can install this by running `pip install pycaret[models]`
2025-02-25 20:25:36,055:INFO:Logging experiment in loggers
2025-02-25 23:12:37,406:WARNING:
'cuml' is a soft dependency and not included in the pycaret installation. Please run: `pip install cuml` to install.
2025-02-25 23:12:37,406:WARNING:
'cuml' is a soft dependency and not included in the pycaret installation. Please run: `pip install cuml` to install.
2025-02-25 23:12:37,406:WARNING:
'cuml' is a soft dependency and not included in the pycaret installation. Please run: `pip install cuml` to install.
2025-02-25 23:12:37,406:WARNING:
'cuml' is a soft dependency and not included in the pycaret installation. Please run: `pip install cuml` to install.
2025-02-25 23:50:21,952:WARNING:
'cuml' is a soft dependency and not included in the pycaret installation. Please run: `pip install cuml` to install.
2025-02-25 23:50:21,952:WARNING:
'cuml' is a soft dependency and not included in the pycaret installation. Please run: `pip install cuml` to install.
2025-02-25 23:50:21,952:WARNING:
'cuml' is a soft dependency and not included in the pycaret installation. Please run: `pip install cuml` to install.
2025-02-25 23:50:21,952:WARNING:
'cuml' is a soft dependency and not included in the pycaret installation. Please run: `pip install cuml` to install.
2025-02-25 23:50:23,233:INFO:PyCaret ClassificationExperiment
2025-02-25 23:50:23,233:INFO:Logging name: Lead_scoring_model_experimentation
2025-02-25 23:50:23,233:INFO:ML Usecase: MLUsecase.CLASSIFICATION
2025-02-25 23:50:23,233:INFO:version 3.3.2
2025-02-25 23:50:23,233:INFO:Initializing setup()
2025-02-25 23:50:23,233:INFO:self.USI: fc19
2025-02-25 23:50:23,233:INFO:self._variable_keys: {'fold_generator', 'logging_param', 'gpu_n_jobs_param', 'X_test', 'fix_imbalance', 'pipeline', 'y_train', 'log_plots_param', 'X_train', 'memory', 'idx', 'X', '_available_plots', 'y_test', 'USI', 'target_param', 'data', '_ml_usecase', 'n_jobs_param', 'gpu_param', 'exp_id', 'html_param', 'y', 'fold_groups_param', 'exp_name_log', 'seed', 'fold_shuffle_param', 'is_multiclass'}
2025-02-25 23:50:23,233:INFO:Checking environment
2025-02-25 23:50:23,233:INFO:python_version: 3.11.5
2025-02-25 23:50:23,233:INFO:python_build: ('main', 'Sep 11 2023 13:26:23')
2025-02-25 23:50:23,233:INFO:machine: AMD64
2025-02-25 23:50:23,233:INFO:platform: Windows-10-10.0.19045-SP0
2025-02-25 23:50:23,237:INFO:Memory: svmem(total=68374552576, available=39413018624, percent=42.4, used=28961533952, free=39413018624)
2025-02-25 23:50:23,237:INFO:Physical Core: 14
2025-02-25 23:50:23,237:INFO:Logical Core: 20
2025-02-25 23:50:23,237:INFO:Checking libraries
2025-02-25 23:50:23,237:INFO:System:
2025-02-25 23:50:23,237:INFO:    python: 3.11.5 | packaged by Anaconda, Inc. | (main, Sep 11 2023, 13:26:23) [MSC v.1916 64 bit (AMD64)]
2025-02-25 23:50:23,237:INFO:executable: C:\Users\rarepall\AppData\Local\anaconda3\python.exe
2025-02-25 23:50:23,237:INFO:   machine: Windows-10-10.0.19045-SP0
2025-02-25 23:50:23,237:INFO:PyCaret required dependencies:
2025-02-25 23:50:23,919:INFO:                 pip: 25.0.1
2025-02-25 23:50:23,919:INFO:          setuptools: 66.1.1
2025-02-25 23:50:23,920:INFO:             pycaret: 3.3.2
2025-02-25 23:50:23,920:INFO:             IPython: 8.15.0
2025-02-25 23:50:23,920:INFO:          ipywidgets: 8.0.4
2025-02-25 23:50:23,920:INFO:                tqdm: 4.67.1
2025-02-25 23:50:23,920:INFO:               numpy: 1.24.3
2025-02-25 23:50:23,920:INFO:              pandas: 2.0.3
2025-02-25 23:50:23,920:INFO:              jinja2: 3.1.5
2025-02-25 23:50:23,920:INFO:               scipy: 1.11.1
2025-02-25 23:50:23,920:INFO:              joblib: 1.2.0
2025-02-25 23:50:23,920:INFO:             sklearn: 1.4.2
2025-02-25 23:50:23,920:INFO:                pyod: 2.0.3
2025-02-25 23:50:23,920:INFO:            imblearn: 0.13.0
2025-02-25 23:50:23,920:INFO:   category_encoders: 2.7.0
2025-02-25 23:50:23,920:INFO:            lightgbm: 4.6.0
2025-02-25 23:50:23,920:INFO:               numba: 0.57.1
2025-02-25 23:50:23,920:INFO:            requests: 2.32.3
2025-02-25 23:50:23,920:INFO:          matplotlib: 3.7.2
2025-02-25 23:50:23,920:INFO:          scikitplot: 0.3.7
2025-02-25 23:50:23,920:INFO:         yellowbrick: 1.5
2025-02-25 23:50:23,920:INFO:              plotly: 5.24.1
2025-02-25 23:50:23,920:INFO:    plotly-resampler: Not installed
2025-02-25 23:50:23,920:INFO:             kaleido: 0.2.1
2025-02-25 23:50:23,920:INFO:           schemdraw: 0.15
2025-02-25 23:50:23,920:INFO:         statsmodels: 0.14.0
2025-02-25 23:50:23,920:INFO:              sktime: 0.26.0
2025-02-25 23:50:23,920:INFO:               tbats: 1.1.3
2025-02-25 23:50:23,920:INFO:            pmdarima: 2.0.4
2025-02-25 23:50:23,920:INFO:              psutil: 6.1.1
2025-02-25 23:50:23,920:INFO:          markupsafe: 2.1.5
2025-02-25 23:50:23,920:INFO:             pickle5: Not installed
2025-02-25 23:50:23,920:INFO:         cloudpickle: 2.2.1
2025-02-25 23:50:23,920:INFO:         deprecation: 2.1.0
2025-02-25 23:50:23,920:INFO:              xxhash: 2.0.2
2025-02-25 23:50:23,920:INFO:           wurlitzer: Not installed
2025-02-25 23:50:23,920:INFO:PyCaret optional dependencies:
2025-02-25 23:50:24,000:INFO:                shap: Not installed
2025-02-25 23:50:24,000:INFO:           interpret: Not installed
2025-02-25 23:50:24,000:INFO:                umap: Not installed
2025-02-25 23:50:24,000:INFO:     ydata_profiling: Not installed
2025-02-25 23:50:24,000:INFO:  explainerdashboard: Not installed
2025-02-25 23:50:24,001:INFO:             autoviz: Not installed
2025-02-25 23:50:24,001:INFO:           fairlearn: Not installed
2025-02-25 23:50:24,001:INFO:          deepchecks: Not installed
2025-02-25 23:50:24,001:INFO:             xgboost: 2.1.4
2025-02-25 23:50:24,001:INFO:            catboost: Not installed
2025-02-25 23:50:24,001:INFO:              kmodes: Not installed
2025-02-25 23:50:24,001:INFO:             mlxtend: Not installed
2025-02-25 23:50:24,001:INFO:       statsforecast: Not installed
2025-02-25 23:50:24,001:INFO:        tune_sklearn: Not installed
2025-02-25 23:50:24,001:INFO:                 ray: Not installed
2025-02-25 23:50:24,001:INFO:            hyperopt: Not installed
2025-02-25 23:50:24,001:INFO:              optuna: Not installed
2025-02-25 23:50:24,001:INFO:               skopt: Not installed
2025-02-25 23:50:24,001:INFO:              mlflow: 2.20.2
2025-02-25 23:50:24,001:INFO:              gradio: Not installed
2025-02-25 23:50:24,001:INFO:             fastapi: Not installed
2025-02-25 23:50:24,001:INFO:             uvicorn: Not installed
2025-02-25 23:50:24,001:INFO:              m2cgen: Not installed
2025-02-25 23:50:24,001:INFO:           evidently: Not installed
2025-02-25 23:50:24,001:INFO:               fugue: Not installed
2025-02-25 23:50:24,001:INFO:           streamlit: Not installed
2025-02-25 23:50:24,001:INFO:             prophet: Not installed
2025-02-25 23:50:24,001:INFO:None
2025-02-25 23:50:24,001:INFO:Set up GPU usage.
2025-02-25 23:50:24,001:WARNING:
'cuml' is a soft dependency and not included in the pycaret installation. Please run: `pip install cuml` to install.
2025-02-25 23:50:24,001:WARNING:cuML is outdated or not found. Required version is >=23.08.
                Please visit https://rapids.ai/install for installation instructions.
2025-02-25 23:50:24,001:INFO:Set up data.
2025-02-25 23:50:24,012:INFO:Set up folding strategy.
2025-02-25 23:50:24,013:INFO:Set up train/test split.
2025-02-25 23:50:24,023:INFO:Set up index.
2025-02-25 23:50:24,023:INFO:Assigning column types.
2025-02-25 23:50:24,028:INFO:Engine successfully changes for model 'lr' to 'sklearn'.
2025-02-25 23:50:24,028:WARNING:
'cuml' is a soft dependency and not included in the pycaret installation. Please run: `pip install cuml` to install.
2025-02-25 23:50:24,058:INFO:Engine for model 'knn' has not been set explicitly, hence returning None.
2025-02-25 23:50:24,058:WARNING:
'cuml' is a soft dependency and not included in the pycaret installation. Please run: `pip install cuml` to install.
2025-02-25 23:50:24,060:WARNING:
'cuml' is a soft dependency and not included in the pycaret installation. Please run: `pip install cuml` to install.
2025-02-25 23:50:24,061:INFO:Engine for model 'rbfsvm' has not been set explicitly, hence returning None.
2025-02-25 23:50:24,061:WARNING:
'cuml' is a soft dependency and not included in the pycaret installation. Please run: `pip install cuml` to install.
2025-02-25 23:50:24,081:WARNING:
'cuml' is a soft dependency and not included in the pycaret installation. Please run: `pip install cuml` to install.
2025-02-25 23:50:24,084:WARNING:
'cuml' is a soft dependency and not included in the pycaret installation. Please run: `pip install cuml` to install.
2025-02-25 23:50:24,086:INFO:Soft dependency imported: xgboost: 2.1.4
2025-02-25 23:50:25,642:WARNING:
'catboost' is a soft dependency and not included in the pycaret installation. Please run: `pip install catboost` to install.
Alternately, you can install this by running `pip install pycaret[models]`
2025-02-25 23:50:25,642:WARNING:
'cuml' is a soft dependency and not included in the pycaret installation. Please run: `pip install cuml` to install.
2025-02-25 23:50:25,701:INFO:Engine for model 'knn' has not been set explicitly, hence returning None.
2025-02-25 23:50:25,701:WARNING:
'cuml' is a soft dependency and not included in the pycaret installation. Please run: `pip install cuml` to install.
2025-02-25 23:50:25,701:WARNING:
'cuml' is a soft dependency and not included in the pycaret installation. Please run: `pip install cuml` to install.
2025-02-25 23:50:25,702:INFO:Engine for model 'rbfsvm' has not been set explicitly, hence returning None.
2025-02-25 23:50:25,702:WARNING:
'cuml' is a soft dependency and not included in the pycaret installation. Please run: `pip install cuml` to install.
2025-02-25 23:50:25,725:WARNING:
'cuml' is a soft dependency and not included in the pycaret installation. Please run: `pip install cuml` to install.
2025-02-25 23:50:25,728:WARNING:
'cuml' is a soft dependency and not included in the pycaret installation. Please run: `pip install cuml` to install.
2025-02-25 23:50:25,728:INFO:Soft dependency imported: xgboost: 2.1.4
2025-02-25 23:50:25,741:WARNING:
'catboost' is a soft dependency and not included in the pycaret installation. Please run: `pip install catboost` to install.
Alternately, you can install this by running `pip install pycaret[models]`
2025-02-25 23:50:25,741:INFO:Engine successfully changes for model 'knn' to 'sklearn'.
2025-02-25 23:50:25,741:WARNING:
'cuml' is a soft dependency and not included in the pycaret installation. Please run: `pip install cuml` to install.
2025-02-25 23:50:25,811:WARNING:
'cuml' is a soft dependency and not included in the pycaret installation. Please run: `pip install cuml` to install.
2025-02-25 23:50:25,811:WARNING:
'cuml' is a soft dependency and not included in the pycaret installation. Please run: `pip install cuml` to install.
2025-02-25 23:50:25,813:INFO:Engine for model 'rbfsvm' has not been set explicitly, hence returning None.
2025-02-25 23:50:25,813:WARNING:
'cuml' is a soft dependency and not included in the pycaret installation. Please run: `pip install cuml` to install.
2025-02-25 23:50:25,837:WARNING:
'cuml' is a soft dependency and not included in the pycaret installation. Please run: `pip install cuml` to install.
2025-02-25 23:50:25,844:WARNING:
'cuml' is a soft dependency and not included in the pycaret installation. Please run: `pip install cuml` to install.
2025-02-25 23:50:25,845:INFO:Soft dependency imported: xgboost: 2.1.4
2025-02-25 23:50:25,856:WARNING:
'catboost' is a soft dependency and not included in the pycaret installation. Please run: `pip install catboost` to install.
Alternately, you can install this by running `pip install pycaret[models]`
2025-02-25 23:50:25,857:WARNING:
'cuml' is a soft dependency and not included in the pycaret installation. Please run: `pip install cuml` to install.
2025-02-25 23:50:25,925:WARNING:
'cuml' is a soft dependency and not included in the pycaret installation. Please run: `pip install cuml` to install.
2025-02-25 23:50:25,925:WARNING:
'cuml' is a soft dependency and not included in the pycaret installation. Please run: `pip install cuml` to install.
2025-02-25 23:50:25,926:INFO:Engine for model 'rbfsvm' has not been set explicitly, hence returning None.
2025-02-25 23:50:25,926:WARNING:
'cuml' is a soft dependency and not included in the pycaret installation. Please run: `pip install cuml` to install.
2025-02-25 23:50:25,945:WARNING:
'cuml' is a soft dependency and not included in the pycaret installation. Please run: `pip install cuml` to install.
2025-02-25 23:50:25,950:WARNING:
'cuml' is a soft dependency and not included in the pycaret installation. Please run: `pip install cuml` to install.
2025-02-25 23:50:25,951:INFO:Soft dependency imported: xgboost: 2.1.4
2025-02-25 23:50:25,962:WARNING:
'catboost' is a soft dependency and not included in the pycaret installation. Please run: `pip install catboost` to install.
Alternately, you can install this by running `pip install pycaret[models]`
2025-02-25 23:50:25,962:INFO:Engine successfully changes for model 'rbfsvm' to 'sklearn'.
2025-02-25 23:50:25,962:WARNING:
'cuml' is a soft dependency and not included in the pycaret installation. Please run: `pip install cuml` to install.
2025-02-25 23:50:26,042:WARNING:
'cuml' is a soft dependency and not included in the pycaret installation. Please run: `pip install cuml` to install.
2025-02-25 23:50:26,042:WARNING:
'cuml' is a soft dependency and not included in the pycaret installation. Please run: `pip install cuml` to install.
2025-02-25 23:50:26,043:WARNING:
'cuml' is a soft dependency and not included in the pycaret installation. Please run: `pip install cuml` to install.
2025-02-25 23:50:26,070:WARNING:
'cuml' is a soft dependency and not included in the pycaret installation. Please run: `pip install cuml` to install.
2025-02-25 23:50:26,073:WARNING:
'cuml' is a soft dependency and not included in the pycaret installation. Please run: `pip install cuml` to install.
2025-02-25 23:50:26,074:INFO:Soft dependency imported: xgboost: 2.1.4
2025-02-25 23:50:26,085:WARNING:
'catboost' is a soft dependency and not included in the pycaret installation. Please run: `pip install catboost` to install.
Alternately, you can install this by running `pip install pycaret[models]`
2025-02-25 23:50:26,086:WARNING:
'cuml' is a soft dependency and not included in the pycaret installation. Please run: `pip install cuml` to install.
2025-02-25 23:50:26,159:WARNING:
'cuml' is a soft dependency and not included in the pycaret installation. Please run: `pip install cuml` to install.
2025-02-25 23:50:26,159:WARNING:
'cuml' is a soft dependency and not included in the pycaret installation. Please run: `pip install cuml` to install.
2025-02-25 23:50:26,160:WARNING:
'cuml' is a soft dependency and not included in the pycaret installation. Please run: `pip install cuml` to install.
2025-02-25 23:50:26,179:WARNING:
'cuml' is a soft dependency and not included in the pycaret installation. Please run: `pip install cuml` to install.
2025-02-25 23:50:26,188:WARNING:
'cuml' is a soft dependency and not included in the pycaret installation. Please run: `pip install cuml` to install.
2025-02-25 23:50:26,189:INFO:Soft dependency imported: xgboost: 2.1.4
2025-02-25 23:50:26,199:WARNING:
'catboost' is a soft dependency and not included in the pycaret installation. Please run: `pip install catboost` to install.
Alternately, you can install this by running `pip install pycaret[models]`
2025-02-25 23:50:26,214:INFO:Preparing preprocessing pipeline...
2025-02-25 23:50:26,217:INFO:Set up simple imputation.
2025-02-25 23:50:26,222:INFO:Set up encoding of categorical features.
2025-02-25 23:50:26,223:INFO:Set up removing multicollinearity.
2025-02-25 23:50:26,223:INFO:Set up column transformation.
2025-02-25 23:50:26,223:INFO:Set up feature normalization.
2025-02-25 23:50:26,510:INFO:Finished creating preprocessing pipeline.
2025-02-25 23:50:26,517:INFO:Pipeline: Pipeline(memory=FastMemory(location=C:\Users\rarepall\AppData\Local\Temp\joblib),
         steps=[('numerical_imputer',
                 TransformerWrapper(exclude=None,
                                    include=['total_leads_droppped',
                                             'referred_lead',
                                             'assistance_interaction',
                                             'career_interaction',
                                             'payment_interaction',
                                             'social_interaction',
                                             'syllabus_interaction'],
                                    transformer=SimpleImputer(add_indicator=False,
                                                              co...
                 TransformerWrapper(exclude=[], include=None,
                                    transformer=RemoveMulticollinearity(threshold=0.95))),
                ('transformation',
                 TransformerWrapper(exclude=None, include=None,
                                    transformer=PowerTransformer(copy=True,
                                                                 method='yeo-johnson',
                                                                 standardize=False))),
                ('normalize',
                 TransformerWrapper(exclude=None, include=None,
                                    transformer=StandardScaler(copy=True,
                                                               with_mean=True,
                                                               with_std=True)))],
         verbose=False)
2025-02-25 23:50:26,517:INFO:Creating final display dataframe.
2025-02-25 23:50:26,945:INFO:Setup _display_container:                     Description                               Value
0                    Session id                                  42
1                        Target                   app_complete_flag
2                   Target type                              Binary
3           Original data shape                         (24977, 12)
4        Transformed data shape                         (24977, 44)
5   Transformed train set shape                         (17483, 44)
6    Transformed test set shape                          (7494, 44)
7              Numeric features                                   7
8          Categorical features                                   4
9                    Preprocess                                True
10              Imputation type                              simple
11           Numeric imputation                                mean
12       Categorical imputation                                mode
13     Maximum one-hot encoding                                  25
14              Encoding method                                None
15     Remove multicollinearity                                True
16  Multicollinearity threshold                                0.95
17               Transformation                                True
18        Transformation method                         yeo-johnson
19                    Normalize                                True
20             Normalize method                              zscore
21               Fold Generator                     StratifiedKFold
22                  Fold Number                                  10
23                     CPU Jobs                                  -1
24                      Use GPU                                True
25               Log Experiment                        MlflowLogger
26              Experiment Name  Lead_scoring_model_experimentation
27                          USI                                fc19
2025-02-25 23:50:26,952:WARNING:
'cuml' is a soft dependency and not included in the pycaret installation. Please run: `pip install cuml` to install.
2025-02-25 23:50:26,980:WARNING:
'cuml' is a soft dependency and not included in the pycaret installation. Please run: `pip install cuml` to install.
2025-02-25 23:50:26,980:WARNING:
'cuml' is a soft dependency and not included in the pycaret installation. Please run: `pip install cuml` to install.
2025-02-25 23:50:26,980:WARNING:
'cuml' is a soft dependency and not included in the pycaret installation. Please run: `pip install cuml` to install.
2025-02-25 23:50:26,994:WARNING:
'cuml' is a soft dependency and not included in the pycaret installation. Please run: `pip install cuml` to install.
2025-02-25 23:50:26,997:WARNING:
'cuml' is a soft dependency and not included in the pycaret installation. Please run: `pip install cuml` to install.
2025-02-25 23:50:26,998:INFO:Soft dependency imported: xgboost: 2.1.4
2025-02-25 23:50:27,010:WARNING:
'catboost' is a soft dependency and not included in the pycaret installation. Please run: `pip install catboost` to install.
Alternately, you can install this by running `pip install pycaret[models]`
2025-02-25 23:50:27,010:WARNING:
'cuml' is a soft dependency and not included in the pycaret installation. Please run: `pip install cuml` to install.
2025-02-25 23:50:27,046:WARNING:
'cuml' is a soft dependency and not included in the pycaret installation. Please run: `pip install cuml` to install.
2025-02-25 23:50:27,046:WARNING:
'cuml' is a soft dependency and not included in the pycaret installation. Please run: `pip install cuml` to install.
2025-02-25 23:50:27,047:WARNING:
'cuml' is a soft dependency and not included in the pycaret installation. Please run: `pip install cuml` to install.
2025-02-25 23:50:27,079:WARNING:
'cuml' is a soft dependency and not included in the pycaret installation. Please run: `pip install cuml` to install.
2025-02-25 23:50:27,087:WARNING:
'cuml' is a soft dependency and not included in the pycaret installation. Please run: `pip install cuml` to install.
2025-02-25 23:50:27,088:INFO:Soft dependency imported: xgboost: 2.1.4
2025-02-25 23:50:27,103:WARNING:
'catboost' is a soft dependency and not included in the pycaret installation. Please run: `pip install catboost` to install.
Alternately, you can install this by running `pip install pycaret[models]`
2025-02-25 23:50:27,104:INFO:Logging experiment in loggers
